2018-10-30 12:53:57.616  INFO 13436 --- [restartedMain] com.sec.demo.SecwebApplication           : Starting SecwebApplication on 030-ZNXT-WZJ-B with PID 13436 (D:\GitHubDoc\gitdoc\secweb\target\classes started by 03010347 in D:\GitHubDoc\gitdoc\secweb)
2018-10-30 12:53:57.626  INFO 13436 --- [restartedMain] com.sec.demo.SecwebApplication           : The following profiles are active: dev
2018-10-30 12:53:57.666  INFO 13436 --- [restartedMain] ConfigServletWebServerApplicationContext : Refreshing org.springframework.boot.web.servlet.context.AnnotationConfigServletWebServerApplicationContext@212312b7: startup date [Tue Oct 30 12:53:57 CST 2018]; root of context hierarchy
2018-10-30 12:53:58.988  INFO 13436 --- [restartedMain] .s.d.r.c.RepositoryConfigurationDelegate : Multiple Spring Data modules found, entering strict repository configuration mode!
2018-10-30 12:53:59.427  INFO 13436 --- [restartedMain] trationDelegate$BeanPostProcessorChecker : Bean 'org.springframework.transaction.annotation.ProxyTransactionManagementConfiguration' of type [org.springframework.transaction.annotation.ProxyTransactionManagementConfiguration$$EnhancerBySpringCGLIB$$981b28bb] is not eligible for getting processed by all BeanPostProcessors (for example: not eligible for auto-proxying)
2018-10-30 12:53:59.507  INFO 13436 --- [restartedMain] trationDelegate$BeanPostProcessorChecker : Bean 'shiroConfig' of type [com.sec.demo.shiro.ShiroConfig$$EnhancerBySpringCGLIB$$d7c71d35] is not eligible for getting processed by all BeanPostProcessors (for example: not eligible for auto-proxying)
2018-10-30 12:53:59.897  INFO 13436 --- [restartedMain] trationDelegate$BeanPostProcessorChecker : Bean 'org.springframework.boot.context.properties.ConversionServiceDeducer$Factory' of type [org.springframework.boot.context.properties.ConversionServiceDeducer$Factory] is not eligible for getting processed by all BeanPostProcessors (for example: not eligible for auto-proxying)
2018-10-30 12:53:59.907  INFO 13436 --- [restartedMain] trationDelegate$BeanPostProcessorChecker : Bean 'mybatis-org.mybatis.spring.boot.autoconfigure.MybatisProperties' of type [org.mybatis.spring.boot.autoconfigure.MybatisProperties] is not eligible for getting processed by all BeanPostProcessors (for example: not eligible for auto-proxying)
2018-10-30 12:53:59.917  INFO 13436 --- [restartedMain] trationDelegate$BeanPostProcessorChecker : Bean 'org.mybatis.spring.boot.autoconfigure.MybatisAutoConfiguration' of type [org.mybatis.spring.boot.autoconfigure.MybatisAutoConfiguration$$EnhancerBySpringCGLIB$$caef79eb] is not eligible for getting processed by all BeanPostProcessors (for example: not eligible for auto-proxying)
2018-10-30 12:53:59.917  INFO 13436 --- [restartedMain] trationDelegate$BeanPostProcessorChecker : Bean 'org.springframework.boot.autoconfigure.jdbc.DataSourceConfiguration$Generic' of type [org.springframework.boot.autoconfigure.jdbc.DataSourceConfiguration$Generic] is not eligible for getting processed by all BeanPostProcessors (for example: not eligible for auto-proxying)
2018-10-30 12:53:59.957  INFO 13436 --- [restartedMain] trationDelegate$BeanPostProcessorChecker : Bean 'spring.datasource-org.springframework.boot.autoconfigure.jdbc.DataSourceProperties' of type [org.springframework.boot.autoconfigure.jdbc.DataSourceProperties] is not eligible for getting processed by all BeanPostProcessors (for example: not eligible for auto-proxying)
2018-10-30 12:53:59.998  INFO 13436 --- [restartedMain] trationDelegate$BeanPostProcessorChecker : Bean 'dataSource' of type [com.alibaba.druid.pool.DruidDataSource] is not eligible for getting processed by all BeanPostProcessors (for example: not eligible for auto-proxying)
2018-10-30 12:54:00.038  INFO 13436 --- [restartedMain] trationDelegate$BeanPostProcessorChecker : Bean 'org.springframework.boot.autoconfigure.jdbc.DataSourceInitializerInvoker' of type [org.springframework.boot.autoconfigure.jdbc.DataSourceInitializerInvoker] is not eligible for getting processed by all BeanPostProcessors (for example: not eligible for auto-proxying)
2018-10-30 12:54:00.093  INFO 13436 --- [restartedMain] trationDelegate$BeanPostProcessorChecker : Bean 'sqlSessionFactory' of type [org.apache.ibatis.session.defaults.DefaultSqlSessionFactory] is not eligible for getting processed by all BeanPostProcessors (for example: not eligible for auto-proxying)
2018-10-30 12:54:00.103  INFO 13436 --- [restartedMain] trationDelegate$BeanPostProcessorChecker : Bean 'sqlSessionTemplate' of type [org.mybatis.spring.SqlSessionTemplate] is not eligible for getting processed by all BeanPostProcessors (for example: not eligible for auto-proxying)
2018-10-30 12:54:00.123  INFO 13436 --- [restartedMain] trationDelegate$BeanPostProcessorChecker : Bean 'userDao' of type [org.mybatis.spring.mapper.MapperFactoryBean] is not eligible for getting processed by all BeanPostProcessors (for example: not eligible for auto-proxying)
2018-10-30 12:54:00.123  INFO 13436 --- [restartedMain] trationDelegate$BeanPostProcessorChecker : Bean 'userDao' of type [com.sun.proxy.$Proxy87] is not eligible for getting processed by all BeanPostProcessors (for example: not eligible for auto-proxying)
2018-10-30 12:54:00.123  INFO 13436 --- [restartedMain] trationDelegate$BeanPostProcessorChecker : Bean 'userService' of type [com.sec.demo.service.impl.UserServiceImpl] is not eligible for getting processed by all BeanPostProcessors (for example: not eligible for auto-proxying)
2018-10-30 12:54:00.123  INFO 13436 --- [restartedMain] trationDelegate$BeanPostProcessorChecker : Bean 'customRealm' of type [com.sec.demo.shiro.CustomRealm] is not eligible for getting processed by all BeanPostProcessors (for example: not eligible for auto-proxying)
2018-10-30 12:54:00.143  INFO 13436 --- [restartedMain] trationDelegate$BeanPostProcessorChecker : Bean 'securityManager' of type [org.apache.shiro.web.mgt.DefaultWebSecurityManager] is not eligible for getting processed by all BeanPostProcessors (for example: not eligible for auto-proxying)
2018-10-30 12:54:00.153  INFO 13436 --- [restartedMain] trationDelegate$BeanPostProcessorChecker : Bean 'authorizationAttributeSourceAdvisor' of type [org.apache.shiro.spring.security.interceptor.AuthorizationAttributeSourceAdvisor] is not eligible for getting processed by all BeanPostProcessors (for example: not eligible for auto-proxying)
2018-10-30 12:54:00.926  INFO 13436 --- [restartedMain] o.s.b.w.embedded.tomcat.TomcatWebServer  : Tomcat initialized with port(s): 8080 (http)
2018-10-30 12:54:00.946  INFO 13436 --- [restartedMain] o.apache.catalina.core.StandardService   : Starting service [Tomcat]
2018-10-30 12:54:00.946  INFO 13436 --- [restartedMain] org.apache.catalina.core.StandardEngine  : Starting Servlet Engine: Apache Tomcat/8.5.32
2018-10-30 12:54:00.966  INFO 13436 --- [localhost-startStop-1] o.a.catalina.core.AprLifecycleListener   : The APR based Apache Tomcat Native library which allows optimal performance in production environments was not found on the java.library.path: [D:\java64_1.8\bin;C:\Windows\Sun\Java\bin;C:\Windows\system32;C:\Windows;D:\mysql-5.7.19-winx64\bin;D:\java64_1.8\bin;D:\java64_1.8\jre\bin;C:\Windows\system32;C:\Windows;C:\Windows\System32\Wbem;C:\Windows\System32\WindowsPowerShell\v1.0\;C:\Program Files\Intel\WiFi\bin\;C:\Program Files\Common Files\Intel\WirelessCommon\;C:\Program Files\Git\cmd;D:\Anaconda2;D:\Anaconda2\Scripts;D:\Anaconda2\Library\bin;D:\node-v6.11.3-win-x64;D:\androiddoc\Android\Sdk\platform-tools;C:\Program Files\Microsoft\Web Platform Installer\;D:\apache-ant-1.10.1\bin;D:\PhoneGap\PhoneGap Desktop;E:\dllorjars\python\boost_1_65_1;E:\dllorjars\python\boost_1_65_1\stage\lib;D:\python36;C:\Program Files\Microsoft SQL Server\120\Tools\Binn\;C:\Program Files (x86)\Windows Kits\8.1\Windows Performance Toolkit\;C:\Program Files\Microsoft SQL Server\110\Tools\Binn\;D:\apache-maven-3.5.4-bin\apache-maven-3.5.4\bin;D:\MATLAB\MATLAB Compiler Runtime\v83\runtime\win64;;D:\Docker Toolbox;.bin;D:\Microsoft VS Code\bin;.]
2018-10-30 12:54:01.120  INFO 13436 --- [localhost-startStop-1] o.a.c.c.C.[Tomcat].[localhost].[/sec]    : Initializing Spring embedded WebApplicationContext
2018-10-30 12:54:01.120  INFO 13436 --- [localhost-startStop-1] o.s.web.context.ContextLoader            : Root WebApplicationContext: initialization completed in 3454 ms
2018-10-30 12:54:01.230  INFO 13436 --- [localhost-startStop-1] o.s.b.w.servlet.ServletRegistrationBean  : Servlet dispatcherServlet mapped to [/]
2018-10-30 12:54:01.230  INFO 13436 --- [localhost-startStop-1] o.s.b.w.servlet.FilterRegistrationBean   : Mapping filter: 'characterEncodingFilter' to: [/*]
2018-10-30 12:54:01.230  INFO 13436 --- [localhost-startStop-1] o.s.b.w.servlet.FilterRegistrationBean   : Mapping filter: 'hiddenHttpMethodFilter' to: [/*]
2018-10-30 12:54:01.230  INFO 13436 --- [localhost-startStop-1] o.s.b.w.servlet.FilterRegistrationBean   : Mapping filter: 'httpPutFormContentFilter' to: [/*]
2018-10-30 12:54:01.230  INFO 13436 --- [localhost-startStop-1] o.s.b.w.servlet.FilterRegistrationBean   : Mapping filter: 'requestContextFilter' to: [/*]
2018-10-30 12:54:01.230  INFO 13436 --- [localhost-startStop-1] o.s.b.w.servlet.FilterRegistrationBean   : Mapping filter: 'corsFilter' to: [/*]
2018-10-30 12:54:01.240  INFO 13436 --- [localhost-startStop-1] o.s.b.w.servlet.FilterRegistrationBean   : Mapping filter: 'shirFilter' to: [/*]
2018-10-30 12:54:01.730  INFO 13436 --- [restartedMain] o.s.w.s.handler.SimpleUrlHandlerMapping  : Mapped URL path [/**/favicon.ico] onto handler of type [class org.springframework.web.servlet.resource.ResourceHttpRequestHandler]
2018-10-30 12:54:02.134  INFO 13436 --- [restartedMain] s.w.s.m.m.a.RequestMappingHandlerAdapter : Looking for @ControllerAdvice: org.springframework.boot.web.servlet.context.AnnotationConfigServletWebServerApplicationContext@212312b7: startup date [Tue Oct 30 12:53:57 CST 2018]; root of context hierarchy
2018-10-30 12:54:02.174  INFO 13436 --- [restartedMain] s.w.s.m.m.a.RequestMappingHandlerMapping : Mapped "{[/api/getallstudents],methods=[GET]}" onto public org.springframework.http.ResponseEntity<com.sec.demo.util.JsonResult> com.sec.demo.api.StudentApi.searchSysUserAddr()
2018-10-30 12:54:02.174  INFO 13436 --- [restartedMain] s.w.s.m.m.a.RequestMappingHandlerMapping : Mapped "{[/error]}" onto public java.lang.String com.sec.demo.controller.ErrorBaseController.error()
2018-10-30 12:54:02.174  INFO 13436 --- [restartedMain] s.w.s.m.m.a.RequestMappingHandlerMapping : Mapped "{[/sublogin],methods=[POST]}" onto public java.lang.String com.sec.demo.controller.UserController.subLogin(java.lang.String,java.lang.String,javax.servlet.http.HttpSession,org.springframework.ui.Model)
2018-10-30 12:54:02.174  INFO 13436 --- [restartedMain] s.w.s.m.m.a.RequestMappingHandlerMapping : Mapped "{[/test]}" onto public java.lang.String com.sec.demo.controller.UserController.Test()
2018-10-30 12:54:02.174  INFO 13436 --- [restartedMain] s.w.s.m.m.a.RequestMappingHandlerMapping : Mapped "{[/logout]}" onto public java.lang.String com.sec.demo.controller.UserController.logout()
2018-10-30 12:54:02.214  INFO 13436 --- [restartedMain] o.s.w.s.handler.SimpleUrlHandlerMapping  : Mapped URL path [/webjars/**] onto handler of type [class org.springframework.web.servlet.resource.ResourceHttpRequestHandler]
2018-10-30 12:54:02.214  INFO 13436 --- [restartedMain] o.s.w.s.handler.SimpleUrlHandlerMapping  : Mapped URL path [/**] onto handler of type [class org.springframework.web.servlet.resource.ResourceHttpRequestHandler]
2018-10-30 12:54:02.234  INFO 13436 --- [restartedMain] .m.m.a.ExceptionHandlerExceptionResolver : Detected @ExceptionHandler methods in errorExceptionHandle
2018-10-30 12:54:02.274  WARN 13436 --- [restartedMain] org.thymeleaf.templatemode.TemplateMode  : [THYMELEAF][restartedMain] Template Mode 'HTML5' is deprecated. Using Template Mode 'HTML' instead.
2018-10-30 12:54:02.324  INFO 13436 --- [restartedMain] o.s.b.a.w.s.WelcomePageHandlerMapping    : Adding welcome page: class path resource [templates/index.html]
2018-10-30 12:54:02.734  INFO 13436 --- [restartedMain] o.s.b.d.a.OptionalLiveReloadServer       : LiveReload server is running on port 35729
2018-10-30 12:54:02.764  INFO 13436 --- [restartedMain] o.s.j.e.a.AnnotationMBeanExporter        : Registering beans for JMX exposure on startup
2018-10-30 12:54:02.764  INFO 13436 --- [restartedMain] o.s.j.e.a.AnnotationMBeanExporter        : Bean with name 'dataSource' has been autodetected for JMX exposure
2018-10-30 12:54:02.764  INFO 13436 --- [restartedMain] o.s.j.e.a.AnnotationMBeanExporter        : Located MBean 'dataSource': registering with JMX server as MBean [com.alibaba.druid.pool:name=dataSource,type=DruidDataSource]
2018-10-30 12:54:02.824  INFO 13436 --- [restartedMain] o.s.b.w.embedded.tomcat.TomcatWebServer  : Tomcat started on port(s): 8080 (http) with context path '/sec'
2018-10-30 12:54:02.824  INFO 13436 --- [restartedMain] com.sec.demo.SecwebApplication           : Started SecwebApplication in 5.778 seconds (JVM running for 9.013)
2018-10-30 12:54:27.859  INFO 13436 --- [http-nio-8080-exec-1] o.a.c.c.C.[Tomcat].[localhost].[/sec]    : Initializing Spring FrameworkServlet 'dispatcherServlet'
2018-10-30 12:54:27.859  INFO 13436 --- [http-nio-8080-exec-1] o.s.web.servlet.DispatcherServlet        : FrameworkServlet 'dispatcherServlet': initialization started
2018-10-30 12:54:27.879  INFO 13436 --- [http-nio-8080-exec-1] o.s.web.servlet.DispatcherServlet        : FrameworkServlet 'dispatcherServlet': initialization completed in 19 ms
2018-10-30 12:54:35.364  INFO 13436 --- [http-nio-8080-exec-9] com.sec.demo.aspect.HttpAspect           : url=http://localhost:8080/sec/sublogin，method=POST，ip=127.0.0.1，class_method=com.sec.demo.controller.UserController.subLogin，args=[system, admin, org.apache.catalina.session.StandardSessionFacade@92a0857, {}]
2018-10-30 12:54:35.517  INFO 13436 --- [http-nio-8080-exec-9] com.alibaba.druid.pool.DruidDataSource   : {dataSource-1} inited
2018-10-30 13:01:54.266  INFO 13436 --- [http-nio-8080-exec-11] com.sec.demo.aspect.HttpAspect           : url=http://localhost:8080/sec/sublogin，method=POST，ip=127.0.0.1，class_method=com.sec.demo.controller.UserController.subLogin，args=[wang, admin, org.apache.catalina.session.StandardSessionFacade@92a0857, {}]
2018-10-30 13:02:01.273  INFO 13436 --- [http-nio-8080-exec-13] com.sec.demo.aspect.HttpAspect           : url=http://localhost:8080/sec/sublogin，method=POST，ip=127.0.0.1，class_method=com.sec.demo.controller.UserController.subLogin，args=[wang, 123, org.apache.catalina.session.StandardSessionFacade@92a0857, {}]
2018-10-30 13:02:06.178  INFO 13436 --- [http-nio-8080-exec-14] com.sec.demo.aspect.HttpAspect           : url=http://localhost:8080/sec/sublogin，method=POST，ip=127.0.0.1，class_method=com.sec.demo.controller.UserController.subLogin，args=[wang, 123, org.apache.catalina.session.StandardSessionFacade@92a0857, {}]
2018-10-30 13:02:20.570  INFO 4768 --- [restartedMain] com.sec.demo.SecwebApplication           : Starting SecwebApplication on 030-ZNXT-WZJ-B with PID 4768 (D:\GitHubDoc\gitdoc\secweb\target\classes started by 03010347 in D:\GitHubDoc\gitdoc\secweb)
2018-10-30 13:02:20.570  INFO 4768 --- [restartedMain] com.sec.demo.SecwebApplication           : The following profiles are active: dev
2018-10-30 13:02:20.620  INFO 4768 --- [restartedMain] ConfigServletWebServerApplicationContext : Refreshing org.springframework.boot.web.servlet.context.AnnotationConfigServletWebServerApplicationContext@35a89eca: startup date [Tue Oct 30 13:02:20 CST 2018]; root of context hierarchy
2018-10-30 13:02:21.367  INFO 4768 --- [restartedMain] .s.d.r.c.RepositoryConfigurationDelegate : Multiple Spring Data modules found, entering strict repository configuration mode!
2018-10-30 13:02:21.707  INFO 4768 --- [restartedMain] trationDelegate$BeanPostProcessorChecker : Bean 'org.springframework.transaction.annotation.ProxyTransactionManagementConfiguration' of type [org.springframework.transaction.annotation.ProxyTransactionManagementConfiguration$$EnhancerBySpringCGLIB$$cd6e142e] is not eligible for getting processed by all BeanPostProcessors (for example: not eligible for auto-proxying)
2018-10-30 13:02:21.797  INFO 4768 --- [restartedMain] trationDelegate$BeanPostProcessorChecker : Bean 'shiroConfig' of type [com.sec.demo.shiro.ShiroConfig$$EnhancerBySpringCGLIB$$d1a08a8] is not eligible for getting processed by all BeanPostProcessors (for example: not eligible for auto-proxying)
2018-10-30 13:02:21.927  INFO 4768 --- [restartedMain] trationDelegate$BeanPostProcessorChecker : Bean 'org.springframework.boot.context.properties.ConversionServiceDeducer$Factory' of type [org.springframework.boot.context.properties.ConversionServiceDeducer$Factory] is not eligible for getting processed by all BeanPostProcessors (for example: not eligible for auto-proxying)
2018-10-30 13:02:21.927  INFO 4768 --- [restartedMain] trationDelegate$BeanPostProcessorChecker : Bean 'mybatis-org.mybatis.spring.boot.autoconfigure.MybatisProperties' of type [org.mybatis.spring.boot.autoconfigure.MybatisProperties] is not eligible for getting processed by all BeanPostProcessors (for example: not eligible for auto-proxying)
2018-10-30 13:02:21.937  INFO 4768 --- [restartedMain] trationDelegate$BeanPostProcessorChecker : Bean 'org.mybatis.spring.boot.autoconfigure.MybatisAutoConfiguration' of type [org.mybatis.spring.boot.autoconfigure.MybatisAutoConfiguration$$EnhancerBySpringCGLIB$$42655e] is not eligible for getting processed by all BeanPostProcessors (for example: not eligible for auto-proxying)
2018-10-30 13:02:21.947  INFO 4768 --- [restartedMain] trationDelegate$BeanPostProcessorChecker : Bean 'org.springframework.boot.autoconfigure.jdbc.DataSourceConfiguration$Generic' of type [org.springframework.boot.autoconfigure.jdbc.DataSourceConfiguration$Generic] is not eligible for getting processed by all BeanPostProcessors (for example: not eligible for auto-proxying)
2018-10-30 13:02:21.967  INFO 4768 --- [restartedMain] trationDelegate$BeanPostProcessorChecker : Bean 'spring.datasource-org.springframework.boot.autoconfigure.jdbc.DataSourceProperties' of type [org.springframework.boot.autoconfigure.jdbc.DataSourceProperties] is not eligible for getting processed by all BeanPostProcessors (for example: not eligible for auto-proxying)
2018-10-30 13:02:22.027  INFO 4768 --- [restartedMain] trationDelegate$BeanPostProcessorChecker : Bean 'dataSource' of type [com.alibaba.druid.pool.DruidDataSource] is not eligible for getting processed by all BeanPostProcessors (for example: not eligible for auto-proxying)
2018-10-30 13:02:22.063  INFO 4768 --- [restartedMain] trationDelegate$BeanPostProcessorChecker : Bean 'org.springframework.boot.autoconfigure.jdbc.DataSourceInitializerInvoker' of type [org.springframework.boot.autoconfigure.jdbc.DataSourceInitializerInvoker] is not eligible for getting processed by all BeanPostProcessors (for example: not eligible for auto-proxying)
2018-10-30 13:02:22.117  INFO 4768 --- [restartedMain] trationDelegate$BeanPostProcessorChecker : Bean 'sqlSessionFactory' of type [org.apache.ibatis.session.defaults.DefaultSqlSessionFactory] is not eligible for getting processed by all BeanPostProcessors (for example: not eligible for auto-proxying)
2018-10-30 13:02:22.117  INFO 4768 --- [restartedMain] trationDelegate$BeanPostProcessorChecker : Bean 'sqlSessionTemplate' of type [org.mybatis.spring.SqlSessionTemplate] is not eligible for getting processed by all BeanPostProcessors (for example: not eligible for auto-proxying)
2018-10-30 13:02:22.157  INFO 4768 --- [restartedMain] trationDelegate$BeanPostProcessorChecker : Bean 'userDao' of type [org.mybatis.spring.mapper.MapperFactoryBean] is not eligible for getting processed by all BeanPostProcessors (for example: not eligible for auto-proxying)
2018-10-30 13:02:22.167  INFO 4768 --- [restartedMain] trationDelegate$BeanPostProcessorChecker : Bean 'userDao' of type [com.sun.proxy.$Proxy87] is not eligible for getting processed by all BeanPostProcessors (for example: not eligible for auto-proxying)
2018-10-30 13:02:22.167  INFO 4768 --- [restartedMain] trationDelegate$BeanPostProcessorChecker : Bean 'userService' of type [com.sec.demo.service.impl.UserServiceImpl] is not eligible for getting processed by all BeanPostProcessors (for example: not eligible for auto-proxying)
2018-10-30 13:02:22.167  INFO 4768 --- [restartedMain] trationDelegate$BeanPostProcessorChecker : Bean 'customRealm' of type [com.sec.demo.shiro.CustomRealm] is not eligible for getting processed by all BeanPostProcessors (for example: not eligible for auto-proxying)
2018-10-30 13:02:22.179  INFO 4768 --- [restartedMain] trationDelegate$BeanPostProcessorChecker : Bean 'securityManager' of type [org.apache.shiro.web.mgt.DefaultWebSecurityManager] is not eligible for getting processed by all BeanPostProcessors (for example: not eligible for auto-proxying)
2018-10-30 13:02:22.199  INFO 4768 --- [restartedMain] trationDelegate$BeanPostProcessorChecker : Bean 'authorizationAttributeSourceAdvisor' of type [org.apache.shiro.spring.security.interceptor.AuthorizationAttributeSourceAdvisor] is not eligible for getting processed by all BeanPostProcessors (for example: not eligible for auto-proxying)
2018-10-30 13:02:22.654  INFO 4768 --- [restartedMain] o.s.b.w.embedded.tomcat.TomcatWebServer  : Tomcat initialized with port(s): 8080 (http)
2018-10-30 13:02:22.674  INFO 4768 --- [restartedMain] o.apache.catalina.core.StandardService   : Starting service [Tomcat]
2018-10-30 13:02:22.674  INFO 4768 --- [restartedMain] org.apache.catalina.core.StandardEngine  : Starting Servlet Engine: Apache Tomcat/8.5.32
2018-10-30 13:02:22.674  INFO 4768 --- [localhost-startStop-1] o.a.catalina.core.AprLifecycleListener   : The APR based Apache Tomcat Native library which allows optimal performance in production environments was not found on the java.library.path: [D:\java64_1.8\bin;C:\Windows\Sun\Java\bin;C:\Windows\system32;C:\Windows;D:\mysql-5.7.19-winx64\bin;D:\java64_1.8\bin;D:\java64_1.8\jre\bin;C:\Windows\system32;C:\Windows;C:\Windows\System32\Wbem;C:\Windows\System32\WindowsPowerShell\v1.0\;C:\Program Files\Intel\WiFi\bin\;C:\Program Files\Common Files\Intel\WirelessCommon\;C:\Program Files\Git\cmd;D:\Anaconda2;D:\Anaconda2\Scripts;D:\Anaconda2\Library\bin;D:\node-v6.11.3-win-x64;D:\androiddoc\Android\Sdk\platform-tools;C:\Program Files\Microsoft\Web Platform Installer\;D:\apache-ant-1.10.1\bin;D:\PhoneGap\PhoneGap Desktop;E:\dllorjars\python\boost_1_65_1;E:\dllorjars\python\boost_1_65_1\stage\lib;D:\python36;C:\Program Files\Microsoft SQL Server\120\Tools\Binn\;C:\Program Files (x86)\Windows Kits\8.1\Windows Performance Toolkit\;C:\Program Files\Microsoft SQL Server\110\Tools\Binn\;D:\apache-maven-3.5.4-bin\apache-maven-3.5.4\bin;D:\MATLAB\MATLAB Compiler Runtime\v83\runtime\win64;;D:\Docker Toolbox;.bin;D:\Microsoft VS Code\bin;.]
2018-10-30 13:02:22.874  INFO 4768 --- [localhost-startStop-1] o.a.c.c.C.[Tomcat].[localhost].[/sec]    : Initializing Spring embedded WebApplicationContext
2018-10-30 13:02:22.874  INFO 4768 --- [localhost-startStop-1] o.s.web.context.ContextLoader            : Root WebApplicationContext: initialization completed in 2254 ms
2018-10-30 13:02:22.979  INFO 4768 --- [localhost-startStop-1] o.s.b.w.servlet.ServletRegistrationBean  : Servlet dispatcherServlet mapped to [/]
2018-10-30 13:02:22.979  INFO 4768 --- [localhost-startStop-1] o.s.b.w.servlet.FilterRegistrationBean   : Mapping filter: 'characterEncodingFilter' to: [/*]
2018-10-30 13:02:22.979  INFO 4768 --- [localhost-startStop-1] o.s.b.w.servlet.FilterRegistrationBean   : Mapping filter: 'hiddenHttpMethodFilter' to: [/*]
2018-10-30 13:02:22.979  INFO 4768 --- [localhost-startStop-1] o.s.b.w.servlet.FilterRegistrationBean   : Mapping filter: 'httpPutFormContentFilter' to: [/*]
2018-10-30 13:02:22.979  INFO 4768 --- [localhost-startStop-1] o.s.b.w.servlet.FilterRegistrationBean   : Mapping filter: 'requestContextFilter' to: [/*]
2018-10-30 13:02:22.979  INFO 4768 --- [localhost-startStop-1] o.s.b.w.servlet.FilterRegistrationBean   : Mapping filter: 'corsFilter' to: [/*]
2018-10-30 13:02:22.979  INFO 4768 --- [localhost-startStop-1] o.s.b.w.servlet.FilterRegistrationBean   : Mapping filter: 'shirFilter' to: [/*]
2018-10-30 13:02:23.400  INFO 4768 --- [restartedMain] o.s.w.s.handler.SimpleUrlHandlerMapping  : Mapped URL path [/**/favicon.ico] onto handler of type [class org.springframework.web.servlet.resource.ResourceHttpRequestHandler]
2018-10-30 13:02:23.660  INFO 4768 --- [restartedMain] s.w.s.m.m.a.RequestMappingHandlerAdapter : Looking for @ControllerAdvice: org.springframework.boot.web.servlet.context.AnnotationConfigServletWebServerApplicationContext@35a89eca: startup date [Tue Oct 30 13:02:20 CST 2018]; root of context hierarchy
2018-10-30 13:02:23.710  INFO 4768 --- [restartedMain] s.w.s.m.m.a.RequestMappingHandlerMapping : Mapped "{[/api/getallstudents],methods=[GET]}" onto public org.springframework.http.ResponseEntity<com.sec.demo.util.JsonResult> com.sec.demo.api.StudentApi.searchSysUserAddr()
2018-10-30 13:02:23.710  INFO 4768 --- [restartedMain] s.w.s.m.m.a.RequestMappingHandlerMapping : Mapped "{[/error]}" onto public java.lang.String com.sec.demo.controller.ErrorBaseController.error()
2018-10-30 13:02:23.710  INFO 4768 --- [restartedMain] s.w.s.m.m.a.RequestMappingHandlerMapping : Mapped "{[/sublogin],methods=[POST]}" onto public java.lang.String com.sec.demo.controller.UserController.subLogin(java.lang.String,java.lang.String,javax.servlet.http.HttpSession,org.springframework.ui.Model)
2018-10-30 13:02:23.710  INFO 4768 --- [restartedMain] s.w.s.m.m.a.RequestMappingHandlerMapping : Mapped "{[/test]}" onto public java.lang.String com.sec.demo.controller.UserController.Test()
2018-10-30 13:02:23.710  INFO 4768 --- [restartedMain] s.w.s.m.m.a.RequestMappingHandlerMapping : Mapped "{[/logout]}" onto public java.lang.String com.sec.demo.controller.UserController.logout()
2018-10-30 13:02:23.760  INFO 4768 --- [restartedMain] o.s.w.s.handler.SimpleUrlHandlerMapping  : Mapped URL path [/webjars/**] onto handler of type [class org.springframework.web.servlet.resource.ResourceHttpRequestHandler]
2018-10-30 13:02:23.760  INFO 4768 --- [restartedMain] o.s.w.s.handler.SimpleUrlHandlerMapping  : Mapped URL path [/**] onto handler of type [class org.springframework.web.servlet.resource.ResourceHttpRequestHandler]
2018-10-30 13:02:23.780  INFO 4768 --- [restartedMain] .m.m.a.ExceptionHandlerExceptionResolver : Detected @ExceptionHandler methods in errorExceptionHandle
2018-10-30 13:02:23.830  WARN 4768 --- [restartedMain] org.thymeleaf.templatemode.TemplateMode  : [THYMELEAF][restartedMain] Template Mode 'HTML5' is deprecated. Using Template Mode 'HTML' instead.
2018-10-30 13:02:23.880  INFO 4768 --- [restartedMain] o.s.b.a.w.s.WelcomePageHandlerMapping    : Adding welcome page: class path resource [templates/index.html]
2018-10-30 13:02:24.333  INFO 4768 --- [restartedMain] o.s.b.d.a.OptionalLiveReloadServer       : LiveReload server is running on port 35729
2018-10-30 13:02:24.354  INFO 4768 --- [restartedMain] o.s.j.e.a.AnnotationMBeanExporter        : Registering beans for JMX exposure on startup
2018-10-30 13:02:24.354  INFO 4768 --- [restartedMain] o.s.j.e.a.AnnotationMBeanExporter        : Bean with name 'dataSource' has been autodetected for JMX exposure
2018-10-30 13:02:24.375  INFO 4768 --- [restartedMain] o.s.j.e.a.AnnotationMBeanExporter        : Located MBean 'dataSource': registering with JMX server as MBean [com.alibaba.druid.pool:name=dataSource,type=DruidDataSource]
2018-10-30 13:02:24.425  INFO 4768 --- [restartedMain] o.s.b.w.embedded.tomcat.TomcatWebServer  : Tomcat started on port(s): 8080 (http) with context path '/sec'
2018-10-30 13:02:24.425  INFO 4768 --- [restartedMain] com.sec.demo.SecwebApplication           : Started SecwebApplication in 4.275 seconds (JVM running for 5.953)
2018-10-30 13:04:05.198  INFO 4768 --- [http-nio-8080-exec-1] o.a.c.c.C.[Tomcat].[localhost].[/sec]    : Initializing Spring FrameworkServlet 'dispatcherServlet'
2018-10-30 13:04:05.199  INFO 4768 --- [http-nio-8080-exec-1] o.s.web.servlet.DispatcherServlet        : FrameworkServlet 'dispatcherServlet': initialization started
2018-10-30 13:04:05.220  INFO 4768 --- [http-nio-8080-exec-1] o.s.web.servlet.DispatcherServlet        : FrameworkServlet 'dispatcherServlet': initialization completed in 21 ms
2018-10-30 13:04:05.270  INFO 4768 --- [http-nio-8080-exec-1] com.sec.demo.aspect.HttpAspect           : url=http://localhost:8080/sec/sublogin，method=POST，ip=127.0.0.1，class_method=com.sec.demo.controller.UserController.subLogin，args=[wang, 123, org.apache.catalina.session.StandardSessionFacade@2af4f2db, {}]
2018-10-30 13:04:05.322  INFO 4768 --- [http-nio-8080-exec-1] com.alibaba.druid.pool.DruidDataSource   : {dataSource-1} inited
2018-10-30 13:04:08.242  INFO 4768 --- [http-nio-8080-exec-28] com.sec.demo.aspect.HttpAspect           : url=http://localhost:8080/sec/error，method=GET，ip=127.0.0.1，class_method=com.sec.demo.controller.ErrorBaseController.error，args=[]
2018-10-30 13:04:15.652  INFO 4768 --- [http-nio-8080-exec-4] com.sec.demo.aspect.HttpAspect           : url=http://localhost:8080/sec/error，method=GET，ip=127.0.0.1，class_method=com.sec.demo.controller.ErrorBaseController.error，args=[]
2018-10-30 13:04:16.366  INFO 4768 --- [http-nio-8080-exec-11] com.sec.demo.aspect.HttpAspect           : url=http://localhost:8080/sec/error，method=GET，ip=127.0.0.1，class_method=com.sec.demo.controller.ErrorBaseController.error，args=[]
2018-10-30 13:04:24.302  INFO 4768 --- [http-nio-8080-exec-17] com.sec.demo.aspect.HttpAspect           : url=http://localhost:8080/sec/error，method=GET，ip=127.0.0.1，class_method=com.sec.demo.controller.ErrorBaseController.error，args=[]
2018-10-30 13:04:36.877  INFO 4768 --- [http-nio-8080-exec-15] com.sec.demo.aspect.HttpAspect           : url=http://localhost:8080/sec/error，method=GET，ip=127.0.0.1，class_method=com.sec.demo.controller.ErrorBaseController.error，args=[]
2018-10-30 13:06:32.953  INFO 12204 --- [restartedMain] com.sec.demo.SecwebApplication           : Starting SecwebApplication on 030-ZNXT-WZJ-B with PID 12204 (D:\GitHubDoc\gitdoc\secweb\target\classes started by 03010347 in D:\GitHubDoc\gitdoc\secweb)
2018-10-30 13:06:32.953  INFO 12204 --- [restartedMain] com.sec.demo.SecwebApplication           : The following profiles are active: dev
2018-10-30 13:06:33.003  INFO 12204 --- [restartedMain] ConfigServletWebServerApplicationContext : Refreshing org.springframework.boot.web.servlet.context.AnnotationConfigServletWebServerApplicationContext@16965768: startup date [Tue Oct 30 13:06:33 CST 2018]; root of context hierarchy
2018-10-30 13:06:34.006  INFO 12204 --- [restartedMain] .s.d.r.c.RepositoryConfigurationDelegate : Multiple Spring Data modules found, entering strict repository configuration mode!
2018-10-30 13:06:34.402  INFO 12204 --- [restartedMain] trationDelegate$BeanPostProcessorChecker : Bean 'org.springframework.transaction.annotation.ProxyTransactionManagementConfiguration' of type [org.springframework.transaction.annotation.ProxyTransactionManagementConfiguration$$EnhancerBySpringCGLIB$$17e8a58b] is not eligible for getting processed by all BeanPostProcessors (for example: not eligible for auto-proxying)
2018-10-30 13:06:34.512  INFO 12204 --- [restartedMain] trationDelegate$BeanPostProcessorChecker : Bean 'shiroConfig' of type [com.sec.demo.shiro.ShiroConfig$$EnhancerBySpringCGLIB$$57949a05] is not eligible for getting processed by all BeanPostProcessors (for example: not eligible for auto-proxying)
2018-10-30 13:06:34.652  INFO 12204 --- [restartedMain] trationDelegate$BeanPostProcessorChecker : Bean 'org.springframework.boot.context.properties.ConversionServiceDeducer$Factory' of type [org.springframework.boot.context.properties.ConversionServiceDeducer$Factory] is not eligible for getting processed by all BeanPostProcessors (for example: not eligible for auto-proxying)
2018-10-30 13:06:34.652  INFO 12204 --- [restartedMain] trationDelegate$BeanPostProcessorChecker : Bean 'mybatis-org.mybatis.spring.boot.autoconfigure.MybatisProperties' of type [org.mybatis.spring.boot.autoconfigure.MybatisProperties] is not eligible for getting processed by all BeanPostProcessors (for example: not eligible for auto-proxying)
2018-10-30 13:06:34.672  INFO 12204 --- [restartedMain] trationDelegate$BeanPostProcessorChecker : Bean 'org.mybatis.spring.boot.autoconfigure.MybatisAutoConfiguration' of type [org.mybatis.spring.boot.autoconfigure.MybatisAutoConfiguration$$EnhancerBySpringCGLIB$$4abcf6bb] is not eligible for getting processed by all BeanPostProcessors (for example: not eligible for auto-proxying)
2018-10-30 13:06:34.672  INFO 12204 --- [restartedMain] trationDelegate$BeanPostProcessorChecker : Bean 'org.springframework.boot.autoconfigure.jdbc.DataSourceConfiguration$Generic' of type [org.springframework.boot.autoconfigure.jdbc.DataSourceConfiguration$Generic] is not eligible for getting processed by all BeanPostProcessors (for example: not eligible for auto-proxying)
2018-10-30 13:06:34.692  INFO 12204 --- [restartedMain] trationDelegate$BeanPostProcessorChecker : Bean 'spring.datasource-org.springframework.boot.autoconfigure.jdbc.DataSourceProperties' of type [org.springframework.boot.autoconfigure.jdbc.DataSourceProperties] is not eligible for getting processed by all BeanPostProcessors (for example: not eligible for auto-proxying)
2018-10-30 13:06:34.742  INFO 12204 --- [restartedMain] trationDelegate$BeanPostProcessorChecker : Bean 'dataSource' of type [com.alibaba.druid.pool.DruidDataSource] is not eligible for getting processed by all BeanPostProcessors (for example: not eligible for auto-proxying)
2018-10-30 13:06:34.822  INFO 12204 --- [restartedMain] trationDelegate$BeanPostProcessorChecker : Bean 'org.springframework.boot.autoconfigure.jdbc.DataSourceInitializerInvoker' of type [org.springframework.boot.autoconfigure.jdbc.DataSourceInitializerInvoker] is not eligible for getting processed by all BeanPostProcessors (for example: not eligible for auto-proxying)
2018-10-30 13:06:34.862  INFO 12204 --- [restartedMain] trationDelegate$BeanPostProcessorChecker : Bean 'sqlSessionFactory' of type [org.apache.ibatis.session.defaults.DefaultSqlSessionFactory] is not eligible for getting processed by all BeanPostProcessors (for example: not eligible for auto-proxying)
2018-10-30 13:06:34.872  INFO 12204 --- [restartedMain] trationDelegate$BeanPostProcessorChecker : Bean 'sqlSessionTemplate' of type [org.mybatis.spring.SqlSessionTemplate] is not eligible for getting processed by all BeanPostProcessors (for example: not eligible for auto-proxying)
2018-10-30 13:06:34.902  INFO 12204 --- [restartedMain] trationDelegate$BeanPostProcessorChecker : Bean 'userDao' of type [org.mybatis.spring.mapper.MapperFactoryBean] is not eligible for getting processed by all BeanPostProcessors (for example: not eligible for auto-proxying)
2018-10-30 13:06:34.902  INFO 12204 --- [restartedMain] trationDelegate$BeanPostProcessorChecker : Bean 'userDao' of type [com.sun.proxy.$Proxy93] is not eligible for getting processed by all BeanPostProcessors (for example: not eligible for auto-proxying)
2018-10-30 13:06:34.902  INFO 12204 --- [restartedMain] trationDelegate$BeanPostProcessorChecker : Bean 'userService' of type [com.sec.demo.service.impl.UserServiceImpl] is not eligible for getting processed by all BeanPostProcessors (for example: not eligible for auto-proxying)
2018-10-30 13:06:34.912  INFO 12204 --- [restartedMain] trationDelegate$BeanPostProcessorChecker : Bean 'customRealm' of type [com.sec.demo.shiro.CustomRealm] is not eligible for getting processed by all BeanPostProcessors (for example: not eligible for auto-proxying)
2018-10-30 13:06:34.932  INFO 12204 --- [restartedMain] trationDelegate$BeanPostProcessorChecker : Bean 'securityManager' of type [org.apache.shiro.web.mgt.DefaultWebSecurityManager] is not eligible for getting processed by all BeanPostProcessors (for example: not eligible for auto-proxying)
2018-10-30 13:06:34.962  INFO 12204 --- [restartedMain] trationDelegate$BeanPostProcessorChecker : Bean 'authorizationAttributeSourceAdvisor' of type [org.apache.shiro.spring.security.interceptor.AuthorizationAttributeSourceAdvisor] is not eligible for getting processed by all BeanPostProcessors (for example: not eligible for auto-proxying)
2018-10-30 13:06:35.492  INFO 12204 --- [restartedMain] o.s.b.w.embedded.tomcat.TomcatWebServer  : Tomcat initialized with port(s): 8080 (http)
2018-10-30 13:06:35.512  INFO 12204 --- [restartedMain] o.apache.catalina.core.StandardService   : Starting service [Tomcat]
2018-10-30 13:06:35.512  INFO 12204 --- [restartedMain] org.apache.catalina.core.StandardEngine  : Starting Servlet Engine: Apache Tomcat/8.5.32
2018-10-30 13:06:35.512  INFO 12204 --- [localhost-startStop-1] o.a.catalina.core.AprLifecycleListener   : The APR based Apache Tomcat Native library which allows optimal performance in production environments was not found on the java.library.path: [D:\java64_1.8\bin;C:\Windows\Sun\Java\bin;C:\Windows\system32;C:\Windows;D:\mysql-5.7.19-winx64\bin;D:\java64_1.8\bin;D:\java64_1.8\jre\bin;C:\Windows\system32;C:\Windows;C:\Windows\System32\Wbem;C:\Windows\System32\WindowsPowerShell\v1.0\;C:\Program Files\Intel\WiFi\bin\;C:\Program Files\Common Files\Intel\WirelessCommon\;C:\Program Files\Git\cmd;D:\Anaconda2;D:\Anaconda2\Scripts;D:\Anaconda2\Library\bin;D:\node-v6.11.3-win-x64;D:\androiddoc\Android\Sdk\platform-tools;C:\Program Files\Microsoft\Web Platform Installer\;D:\apache-ant-1.10.1\bin;D:\PhoneGap\PhoneGap Desktop;E:\dllorjars\python\boost_1_65_1;E:\dllorjars\python\boost_1_65_1\stage\lib;D:\python36;C:\Program Files\Microsoft SQL Server\120\Tools\Binn\;C:\Program Files (x86)\Windows Kits\8.1\Windows Performance Toolkit\;C:\Program Files\Microsoft SQL Server\110\Tools\Binn\;D:\apache-maven-3.5.4-bin\apache-maven-3.5.4\bin;D:\MATLAB\MATLAB Compiler Runtime\v83\runtime\win64;;D:\Docker Toolbox;.bin;D:\Microsoft VS Code\bin;.]
2018-10-30 13:06:35.662  INFO 12204 --- [localhost-startStop-1] o.a.c.c.C.[Tomcat].[localhost].[/sec]    : Initializing Spring embedded WebApplicationContext
2018-10-30 13:06:35.662  INFO 12204 --- [localhost-startStop-1] o.s.web.context.ContextLoader            : Root WebApplicationContext: initialization completed in 2659 ms
2018-10-30 13:06:35.762  INFO 12204 --- [localhost-startStop-1] o.s.b.w.servlet.ServletRegistrationBean  : Servlet dispatcherServlet mapped to [/]
2018-10-30 13:06:35.762  INFO 12204 --- [localhost-startStop-1] o.s.b.w.servlet.FilterRegistrationBean   : Mapping filter: 'characterEncodingFilter' to: [/*]
2018-10-30 13:06:35.762  INFO 12204 --- [localhost-startStop-1] o.s.b.w.servlet.FilterRegistrationBean   : Mapping filter: 'hiddenHttpMethodFilter' to: [/*]
2018-10-30 13:06:35.762  INFO 12204 --- [localhost-startStop-1] o.s.b.w.servlet.FilterRegistrationBean   : Mapping filter: 'httpPutFormContentFilter' to: [/*]
2018-10-30 13:06:35.762  INFO 12204 --- [localhost-startStop-1] o.s.b.w.servlet.FilterRegistrationBean   : Mapping filter: 'requestContextFilter' to: [/*]
2018-10-30 13:06:35.762  INFO 12204 --- [localhost-startStop-1] o.s.b.w.servlet.FilterRegistrationBean   : Mapping filter: 'corsFilter' to: [/*]
2018-10-30 13:06:35.762  INFO 12204 --- [localhost-startStop-1] o.s.b.w.servlet.FilterRegistrationBean   : Mapping filter: 'shirFilter' to: [/*]
2018-10-30 13:06:36.469  INFO 12204 --- [restartedMain] s.w.s.m.m.a.RequestMappingHandlerMapping : Mapped "{[/api/getallstudents],methods=[GET]}" onto public org.springframework.http.ResponseEntity<com.sec.demo.util.JsonResult> com.sec.demo.api.StudentApi.searchSysUserAddr()
2018-10-30 13:06:36.469  INFO 12204 --- [restartedMain] s.w.s.m.m.a.RequestMappingHandlerMapping : Mapped "{[/error]}" onto public java.lang.String com.sec.demo.controller.ErrorBaseController.error()
2018-10-30 13:06:36.469  INFO 12204 --- [restartedMain] s.w.s.m.m.a.RequestMappingHandlerMapping : Mapped "{[/sublogin],methods=[POST]}" onto public java.lang.String com.sec.demo.controller.UserController.subLogin(java.lang.String,java.lang.String,javax.servlet.http.HttpSession,org.springframework.ui.Model)
2018-10-30 13:06:36.469  INFO 12204 --- [restartedMain] s.w.s.m.m.a.RequestMappingHandlerMapping : Mapped "{[/test]}" onto public java.lang.String com.sec.demo.controller.UserController.Test()
2018-10-30 13:06:36.469  INFO 12204 --- [restartedMain] s.w.s.m.m.a.RequestMappingHandlerMapping : Mapped "{[/logout]}" onto public java.lang.String com.sec.demo.controller.UserController.logout()
2018-10-30 13:06:36.469  INFO 12204 --- [restartedMain] s.w.s.m.m.a.RequestMappingHandlerMapping : Mapped "{[/v2/api-docs],methods=[GET],produces=[application/json || application/hal+json]}" onto public org.springframework.http.ResponseEntity<springfox.documentation.spring.web.json.Json> springfox.documentation.swagger2.web.Swagger2Controller.getDocumentation(java.lang.String,javax.servlet.http.HttpServletRequest)
2018-10-30 13:06:36.479  INFO 12204 --- [restartedMain] s.w.s.m.m.a.RequestMappingHandlerMapping : Mapped "{[/swagger-resources/configuration/ui]}" onto org.springframework.http.ResponseEntity<springfox.documentation.swagger.web.UiConfiguration> springfox.documentation.swagger.web.ApiResourceController.uiConfiguration()
2018-10-30 13:06:36.479  INFO 12204 --- [restartedMain] s.w.s.m.m.a.RequestMappingHandlerMapping : Mapped "{[/swagger-resources]}" onto org.springframework.http.ResponseEntity<java.util.List<springfox.documentation.swagger.web.SwaggerResource>> springfox.documentation.swagger.web.ApiResourceController.swaggerResources()
2018-10-30 13:06:36.479  INFO 12204 --- [restartedMain] s.w.s.m.m.a.RequestMappingHandlerMapping : Mapped "{[/swagger-resources/configuration/security]}" onto org.springframework.http.ResponseEntity<springfox.documentation.swagger.web.SecurityConfiguration> springfox.documentation.swagger.web.ApiResourceController.securityConfiguration()
2018-10-30 13:06:36.679  INFO 12204 --- [restartedMain] o.s.w.s.handler.SimpleUrlHandlerMapping  : Mapped URL path [/**/favicon.ico] onto handler of type [class org.springframework.web.servlet.resource.ResourceHttpRequestHandler]
2018-10-30 13:06:36.879  INFO 12204 --- [restartedMain] s.w.s.m.m.a.RequestMappingHandlerAdapter : Looking for @ControllerAdvice: org.springframework.boot.web.servlet.context.AnnotationConfigServletWebServerApplicationContext@16965768: startup date [Tue Oct 30 13:06:33 CST 2018]; root of context hierarchy
2018-10-30 13:06:36.929  INFO 12204 --- [restartedMain] o.s.w.s.handler.SimpleUrlHandlerMapping  : Mapped URL path [/webjars/**] onto handler of type [class org.springframework.web.servlet.resource.ResourceHttpRequestHandler]
2018-10-30 13:06:36.929  INFO 12204 --- [restartedMain] o.s.w.s.handler.SimpleUrlHandlerMapping  : Mapped URL path [/**] onto handler of type [class org.springframework.web.servlet.resource.ResourceHttpRequestHandler]
2018-10-30 13:06:36.949  INFO 12204 --- [restartedMain] .m.m.a.ExceptionHandlerExceptionResolver : Detected @ExceptionHandler methods in errorExceptionHandle
2018-10-30 13:06:36.989  WARN 12204 --- [restartedMain] org.thymeleaf.templatemode.TemplateMode  : [THYMELEAF][restartedMain] Template Mode 'HTML5' is deprecated. Using Template Mode 'HTML' instead.
2018-10-30 13:06:37.039  INFO 12204 --- [restartedMain] o.s.b.a.w.s.WelcomePageHandlerMapping    : Adding welcome page: class path resource [templates/index.html]
2018-10-30 13:06:37.517  INFO 12204 --- [restartedMain] o.s.b.d.a.OptionalLiveReloadServer       : LiveReload server is running on port 35729
2018-10-30 13:06:37.547  INFO 12204 --- [restartedMain] o.s.j.e.a.AnnotationMBeanExporter        : Registering beans for JMX exposure on startup
2018-10-30 13:06:37.547  INFO 12204 --- [restartedMain] o.s.j.e.a.AnnotationMBeanExporter        : Bean with name 'dataSource' has been autodetected for JMX exposure
2018-10-30 13:06:37.547  INFO 12204 --- [restartedMain] o.s.j.e.a.AnnotationMBeanExporter        : Located MBean 'dataSource': registering with JMX server as MBean [com.alibaba.druid.pool:name=dataSource,type=DruidDataSource]
2018-10-30 13:06:37.557  INFO 12204 --- [restartedMain] o.s.c.support.DefaultLifecycleProcessor  : Starting beans in phase 2147483647
2018-10-30 13:06:37.557  INFO 12204 --- [restartedMain] d.s.w.p.DocumentationPluginsBootstrapper : Context refreshed
2018-10-30 13:06:37.567  INFO 12204 --- [restartedMain] d.s.w.p.DocumentationPluginsBootstrapper : Found 1 custom documentation plugin(s)
2018-10-30 13:06:37.577  INFO 12204 --- [restartedMain] s.d.s.w.s.ApiListingReferenceScanner     : Scanning for api listing references
2018-10-30 13:06:37.717  INFO 12204 --- [restartedMain] o.s.b.w.embedded.tomcat.TomcatWebServer  : Tomcat started on port(s): 8080 (http) with context path '/sec'
2018-10-30 13:06:37.717  INFO 12204 --- [restartedMain] com.sec.demo.SecwebApplication           : Started SecwebApplication in 5.064 seconds (JVM running for 7.041)
2018-10-30 13:08:13.273  INFO 12204 --- [http-nio-8080-exec-1] o.a.c.c.C.[Tomcat].[localhost].[/sec]    : Initializing Spring FrameworkServlet 'dispatcherServlet'
2018-10-30 13:08:13.273  INFO 12204 --- [http-nio-8080-exec-1] o.s.web.servlet.DispatcherServlet        : FrameworkServlet 'dispatcherServlet': initialization started
2018-10-30 13:08:13.297  INFO 12204 --- [http-nio-8080-exec-1] o.s.web.servlet.DispatcherServlet        : FrameworkServlet 'dispatcherServlet': initialization completed in 23 ms
2018-10-30 13:08:21.879  INFO 12204 --- [http-nio-8080-exec-4] com.sec.demo.aspect.HttpAspect           : url=http://localhost:8080/sec/sublogin，method=POST，ip=127.0.0.1，class_method=com.sec.demo.controller.UserController.subLogin，args=[wang, 123, org.apache.catalina.session.StandardSessionFacade@3a5beec4, {}]
2018-10-30 13:08:21.929  INFO 12204 --- [http-nio-8080-exec-4] com.alibaba.druid.pool.DruidDataSource   : {dataSource-1} inited
